<?xml version="1.0" encoding="utf-8"?><testsuites name="pytest tests"><testsuite name="pytest" errors="0" failures="0" skipped="0" tests="17" time="12.674" timestamp="2026-05-09T10:33:12.344685+00:00" hostname="agent-env-730246d0-d833-413a-aa90-b36bdaf599fb"><testcase classname="backend.tests.test_phase2_parent_journal" name="test_parent_signup_role" time="0.539" /><testcase classname="backend.tests.test_phase2_parent_journal" name="test_kid_default_role" time="0.281" /><testcase classname="backend.tests.test_phase2_parent_journal" name="test_link_child_sets_parent_id" time="0.939" /><testcase classname="backend.tests.test_phase2_parent_journal" name="test_link_child_invalid_username" time="0.060" /><testcase classname="backend.tests.test_phase2_parent_journal" name="test_link_child_blocks_parent_account" time="0.341" /><testcase classname="backend.tests.test_phase2_parent_journal" name="test_set_goal_clamps" time="0.206" /><testcase classname="backend.tests.test_phase2_parent_journal" name="test_set_goal_unauthorized_kid" time="0.050" /><testcase classname="backend.tests.test_phase2_parent_journal" name="test_kid_cannot_access_parent_endpoints" time="0.104" /><testcase classname="backend.tests.test_phase2_parent_journal" name="test_parent_cannot_create_journal" time="0.051" /><testcase classname="backend.tests.test_phase2_parent_journal" name="test_journal_safe_linked_kid_pending" time="3.119" /><testcase classname="backend.tests.test_phase2_parent_journal" name="test_journal_safe_solo_kid_approved_in_feed" time="1.089" /><testcase classname="backend.tests.test_phase2_parent_journal" name="test_journal_unsafe_pii_rejected" time="2.567" /><testcase classname="backend.tests.test_phase2_parent_journal" name="test_reactions_toggle" time="0.202" /><testcase classname="backend.tests.test_phase2_parent_journal" name="test_pending_posts_only_own_children" time="0.050" /><testcase classname="backend.tests.test_phase2_parent_journal" name="test_parent_moderate_approve_then_reject" time="2.337" /><testcase classname="backend.tests.test_phase2_parent_journal" name="test_parent_cannot_moderate_other_kid_post" time="0.372" /><testcase classname="backend.tests.test_phase2_parent_journal" name="test_journal_length_validation" time="0.097" /></testsuite></testsuites>