<?xml version="1.0" encoding="utf-8"?><testsuites name="pytest tests"><testsuite name="pytest" errors="0" failures="0" skipped="0" tests="15" time="5.764" timestamp="2026-05-09T07:59:30.082952+00:00" hostname="agent-env-730246d0-d833-413a-aa90-b36bdaf599fb"><testcase classname="tests.test_azaadi_api" name="test_root" time="0.245" /><testcase classname="tests.test_azaadi_api" name="test_signup_new_user" time="0.284" /><testcase classname="tests.test_azaadi_api" name="test_login_invalid" time="0.045" /><testcase classname="tests.test_azaadi_api" name="test_me_requires_auth" time="0.060" /><testcase classname="tests.test_azaadi_api" name="test_me" time="0.341" /><testcase classname="tests.test_azaadi_api" name="test_stories_list" time="0.053" /><testcase classname="tests.test_azaadi_api" name="test_story_detail_and_quiz" time="0.163" /><testcase classname="tests.test_azaadi_api" name="test_complete_story_awards_xp_and_badge" time="0.138" /><testcase classname="tests.test_azaadi_api" name="test_quiz_submit_perfect" time="0.100" /><testcase classname="tests.test_azaadi_api" name="test_quiz_perfect_score_path" time="0.133" /><testcase classname="tests.test_azaadi_api" name="test_quiz_bad_count" time="0.086" /><testcase classname="tests.test_azaadi_api" name="test_badges_levels" time="0.091" /><testcase classname="tests.test_azaadi_api" name="test_chat_with_azaadi" time="3.677" /><testcase classname="tests.test_azaadi_api" name="test_chat_history" time="0.045" /><testcase classname="tests.test_azaadi_api" name="test_invalid_token" time="0.045" /></testsuite></testsuites>